DirectFirst-master/app/build/intermediates/manifest_merge_blame_file/debug/manifest-merger-blame-debug-report.txt
1<?xml version="1.0" encoding="utf-8"?>
2<manifest xmlns:android="http://schemas.android.com/apk/res/android"
3    package="com.santtytech.directfirst"
4    android:versionCode="1"
5    android:versionName="1.0" >
6
7    <uses-sdk
8        android:minSdkVersion="16"
8-->src\main\AndroidManifest.xml
9        android:targetSdkVersion="29" />
9-->src\main\AndroidManifest.xml
10
11    <!-- Although the *SdkVersion is captured in gradle build files, this is required for non gradle builds -->
12    <!-- <uses-sdk android:minSdkVersion="14" /> -->
13    <uses-permission android:name="android.permission.ACCESS_NETWORK_STATE" />
13-->[com.google.firebase:firebase-firestore:20.0.0] AndroidManifest.xml:13:5-79
13-->[com.google.firebase:firebase-firestore:20.0.0] AndroidManifest.xml:13:22-76
14    <uses-permission android:name="android.permission.INTERNET" />
14-->[com.google.firebase:firebase-firestore:20.0.0] AndroidManifest.xml:14:5-67
14-->[com.google.firebase:firebase-firestore:20.0.0] AndroidManifest.xml:14:22-64
15    <uses-permission android:name="android.permission.WAKE_LOCK" /> <!-- Required by older versions of Google Play services to create IID tokens -->
15-->[com.google.android.gms:play-services-measurement-api:17.2.0] AndroidManifest.xml:24:5-68
15-->[com.google.android.gms:play-services-measurement-api:17.2.0] AndroidManifest.xml:24:22-65
16    <uses-permission android:name="com.google.android.c2dm.permission.RECEIVE" />
16-->[com.google.firebase:firebase-iid:19.0.0] AndroidManifest.xml:26:5-82
16-->[com.google.firebase:firebase-iid:19.0.0] AndroidManifest.xml:26:22-79
17    <uses-permission android:name="com.google.android.finsky.permission.BIND_GET_INSTALL_REFERRER_SERVICE" />
17-->[com.google.android.gms:play-services-measurement:17.2.0] AndroidManifest.xml:26:5-110
17-->[com.google.android.gms:play-services-measurement:17.2.0] AndroidManifest.xml:26:22-107
18
19    <application
19-->src\main\AndroidManifest.xml:5:5-44:19
20        android:name="androidx.multidex.MultiDexApplication"
21        android:allowBackup="true"
21-->src\main\AndroidManifest.xml:6:9-35
22        android:appComponentFactory="androidx.core.app.CoreComponentFactory"
22-->[androidx.core:core:1.1.0] AndroidManifest.xml:24:18-86
23        android:debuggable="true"
24        android:exported="true"
24-->src\main\AndroidManifest.xml:7:9-32
25        android:icon="@mipmap/ic_launcher"
25-->src\main\AndroidManifest.xml:8:9-43
26        android:label="OrkApp"
26-->src\main\AndroidManifest.xml:9:9-31
27        android:roundIcon="@mipmap/ic_launcher_round"
27-->src\main\AndroidManifest.xml:10:9-54
28        android:supportsRtl="true"
28-->src\main\AndroidManifest.xml:11:9-35
29        android:testOnly="true"
30        android:theme="@style/AppTheme" >
30-->src\main\AndroidManifest.xml:12:9-40
31        <activity android:name="com.santtytech.directfirst.LoginActivity" />
31-->src\main\AndroidManifest.xml:13:9-51
31-->src\main\AndroidManifest.xml:13:19-48
32        <activity android:name="com.santtytech.directfirst.ActivityFeed" />
32-->src\main\AndroidManifest.xml:14:9-50
32-->src\main\AndroidManifest.xml:14:19-47
33        <activity android:name="com.santtytech.directfirst.MessagesActivity" >
33-->src\main\AndroidManifest.xml:15:9-21:20
33-->src\main\AndroidManifest.xml:15:19-51
34            <intent-filter>
34-->src\main\AndroidManifest.xml:16:13-20:29
35                <action android:name="android.intent.action.MAIN" />
35-->src\main\AndroidManifest.xml:17:17-69
35-->src\main\AndroidManifest.xml:17:25-66
36
37                <category android:name="android.intent.category.LAUNCHER" />
37-->src\main\AndroidManifest.xml:19:17-77
37-->src\main\AndroidManifest.xml:19:27-74
38            </intent-filter>
39        </activity>
40        <activity
40-->src\main\AndroidManifest.xml:23:9-29:20
41            android:name="com.santtytech.directfirst.ChatActivity"
41-->src\main\AndroidManifest.xml:24:13-41
42            android:label="@string/chat" >
42-->src\main\AndroidManifest.xml:25:13-41
43            <meta-data
43-->src\main\AndroidManifest.xml:26:13-28:53
44                android:name="android.support.PARENT_ACTIVITY"
44-->src\main\AndroidManifest.xml:27:17-63
45                android:value=".MessagesActivity" />
45-->src\main\AndroidManifest.xml:28:17-50
46        </activity>
47        <activity
47-->src\main\AndroidManifest.xml:30:9-36:20
48            android:name="com.santtytech.directfirst.ContactsActivity"
48-->src\main\AndroidManifest.xml:31:13-45
49            android:label="@string/contacts" >
49-->src\main\AndroidManifest.xml:32:13-45
50            <meta-data
50-->src\main\AndroidManifest.xml:26:13-28:53
51                android:name="android.support.PARENT_ACTIVITY"
51-->src\main\AndroidManifest.xml:27:17-63
52                android:value=".MessagesActivity" />
52-->src\main\AndroidManifest.xml:28:17-50
53        </activity>
54        <activity
54-->src\main\AndroidManifest.xml:37:9-43:20
55            android:name="com.santtytech.directfirst.RegisterActivity"
55-->src\main\AndroidManifest.xml:38:13-45
56            android:label="@string/registro" >
56-->src\main\AndroidManifest.xml:39:13-45
57            <meta-data
57-->src\main\AndroidManifest.xml:26:13-28:53
58                android:name="android.support.PARENT_ACTIVITY"
58-->src\main\AndroidManifest.xml:27:17-63
59                android:value=".LoginActivity" />
59-->src\main\AndroidManifest.xml:28:17-50
60        </activity>
61        <activity
61-->[com.google.firebase:firebase-auth:19.1.0] AndroidManifest.xml:24:9-31:50
62            android:name="com.google.firebase.auth.internal.FederatedSignInActivity"
62-->[com.google.firebase:firebase-auth:19.1.0] AndroidManifest.xml:25:13-85
63            android:excludeFromRecents="true"
63-->[com.google.firebase:firebase-auth:19.1.0] AndroidManifest.xml:26:13-46
64            android:exported="true"
64-->[com.google.firebase:firebase-auth:19.1.0] AndroidManifest.xml:27:13-36
65            android:launchMode="singleTask"
65-->[com.google.firebase:firebase-auth:19.1.0] AndroidManifest.xml:28:13-44
66            android:permission="com.google.firebase.auth.api.gms.permission.LAUNCH_FEDERATED_SIGN_IN"
66-->[com.google.firebase:firebase-auth:19.1.0] AndroidManifest.xml:29:13-102
67            android:theme="@android:style/Theme.Translucent.NoTitleBar" />
67-->[com.google.firebase:firebase-auth:19.1.0] AndroidManifest.xml:30:13-72
68
69        <service
69-->[com.google.firebase:firebase-auth:19.1.0] AndroidManifest.xml:33:9-39:19
70            android:name="com.google.firebase.components.ComponentDiscoveryService"
70-->[com.google.firebase:firebase-auth:19.1.0] AndroidManifest.xml:34:13-84
71            android:exported="false" >
71-->[com.google.firebase:firebase-auth:19.1.0] AndroidManifest.xml:35:13-37
72            <meta-data
72-->[com.google.firebase:firebase-auth:19.1.0] AndroidManifest.xml:36:13-38:85
73                android:name="com.google.firebase.components:com.google.firebase.auth.FirebaseAuthRegistrar"
73-->[com.google.firebase:firebase-auth:19.1.0] AndroidManifest.xml:37:17-109
74                android:value="com.google.firebase.components.ComponentRegistrar" />
74-->[com.google.firebase:firebase-auth:19.1.0] AndroidManifest.xml:38:17-82
75            <meta-data
75-->[com.google.firebase:firebase-firestore:20.0.0] AndroidManifest.xml:20:13-22:85
76                android:name="com.google.firebase.components:com.google.firebase.firestore.FirestoreRegistrar"
76-->[com.google.firebase:firebase-firestore:20.0.0] AndroidManifest.xml:21:17-111
77                android:value="com.google.firebase.components.ComponentRegistrar" />
77-->[com.google.firebase:firebase-firestore:20.0.0] AndroidManifest.xml:22:17-82
78            <meta-data
78-->[com.google.firebase:firebase-storage:18.0.0] AndroidManifest.xml:31:13-33:85
79                android:name="com.google.firebase.components:com.google.firebase.storage.StorageRegistrar"
79-->[com.google.firebase:firebase-storage:18.0.0] AndroidManifest.xml:32:17-107
80                android:value="com.google.firebase.components.ComponentRegistrar" />
80-->[com.google.firebase:firebase-storage:18.0.0] AndroidManifest.xml:33:17-82
81            <meta-data
81-->[com.google.android.gms:play-services-measurement-api:17.2.0] AndroidManifest.xml:30:13-32:85
82                android:name="com.google.firebase.components:com.google.firebase.analytics.connector.internal.AnalyticsConnectorRegistrar"
82-->[com.google.android.gms:play-services-measurement-api:17.2.0] AndroidManifest.xml:31:17-139
83                android:value="com.google.firebase.components.ComponentRegistrar" />
83-->[com.google.android.gms:play-services-measurement-api:17.2.0] AndroidManifest.xml:32:17-82
84            <meta-data
84-->[com.google.firebase:firebase-iid:19.0.0] AndroidManifest.xml:32:13-34:85
85                android:name="com.google.firebase.components:com.google.firebase.iid.Registrar"
85-->[com.google.firebase:firebase-iid:19.0.0] AndroidManifest.xml:33:17-96
86                android:value="com.google.firebase.components.ComponentRegistrar" />
86-->[com.google.firebase:firebase-iid:19.0.0] AndroidManifest.xml:34:17-82
87        </service>
88
89        <provider
89-->[com.squareup.picasso:picasso:2.71828] AndroidManifest.xml:8:9-11:40
90            android:name="com.squareup.picasso.PicassoProvider"
90-->[com.squareup.picasso:picasso:2.71828] AndroidManifest.xml:9:13-64
91            android:authorities="com.santtytech.directfirst.com.squareup.picasso"
91-->[com.squareup.picasso:picasso:2.71828] AndroidManifest.xml:10:13-72
92            android:exported="false" />
92-->[com.squareup.picasso:picasso:2.71828] AndroidManifest.xml:11:13-37
93
94        <receiver
94-->[com.google.firebase:firebase-iid:19.0.0] AndroidManifest.xml:37:9-44:20
95            android:name="com.google.firebase.iid.FirebaseInstanceIdReceiver"
95-->[com.google.firebase:firebase-iid:19.0.0] AndroidManifest.xml:38:13-78
96            android:exported="true"
96-->[com.google.firebase:firebase-iid:19.0.0] AndroidManifest.xml:39:13-36
97            android:permission="com.google.android.c2dm.permission.SEND" >
97-->[com.google.firebase:firebase-iid:19.0.0] AndroidManifest.xml:40:13-73
98            <intent-filter>
98-->[com.google.firebase:firebase-iid:19.0.0] AndroidManifest.xml:41:13-43:29
99                <action android:name="com.google.android.c2dm.intent.RECEIVE" />
99-->[com.google.firebase:firebase-iid:19.0.0] AndroidManifest.xml:42:17-81
99-->[com.google.firebase:firebase-iid:19.0.0] AndroidManifest.xml:42:25-78
100            </intent-filter>
101        </receiver>
102
103        <activity
103-->[com.google.android.gms:play-services-base:17.1.0] AndroidManifest.xml:23:9-26:75
104            android:name="com.google.android.gms.common.api.GoogleApiActivity"
104-->[com.google.android.gms:play-services-base:17.1.0] AndroidManifest.xml:24:13-79
105            android:exported="false"
105-->[com.google.android.gms:play-services-base:17.1.0] AndroidManifest.xml:25:13-37
106            android:theme="@android:style/Theme.Translucent.NoTitleBar" />
106-->[com.google.android.gms:play-services-base:17.1.0] AndroidManifest.xml:26:13-72
107
108        <receiver
108-->[com.google.android.gms:play-services-measurement:17.2.0] AndroidManifest.xml:29:9-33:20
109            android:name="com.google.android.gms.measurement.AppMeasurementReceiver"
109-->[com.google.android.gms:play-services-measurement:17.2.0] AndroidManifest.xml:30:13-85
110            android:enabled="true"
110-->[com.google.android.gms:play-services-measurement:17.2.0] AndroidManifest.xml:31:13-35
111            android:exported="false" >
111-->[com.google.android.gms:play-services-measurement:17.2.0] AndroidManifest.xml:32:13-37
112        </receiver>
113        <receiver
113-->[com.google.android.gms:play-services-measurement:17.2.0] AndroidManifest.xml:34:9-42:20
114            android:name="com.google.android.gms.measurement.AppMeasurementInstallReferrerReceiver"
114-->[com.google.android.gms:play-services-measurement:17.2.0] AndroidManifest.xml:35:13-100
115            android:enabled="true"
115-->[com.google.android.gms:play-services-measurement:17.2.0] AndroidManifest.xml:36:13-35
116            android:exported="true"
116-->[com.google.android.gms:play-services-measurement:17.2.0] AndroidManifest.xml:37:13-36
117            android:permission="android.permission.INSTALL_PACKAGES" >
117-->[com.google.android.gms:play-services-measurement:17.2.0] AndroidManifest.xml:38:13-69
118            <intent-filter>
118-->[com.google.android.gms:play-services-measurement:17.2.0] AndroidManifest.xml:39:13-41:29
119                <action android:name="com.android.vending.INSTALL_REFERRER" />
119-->[com.google.android.gms:play-services-measurement:17.2.0] AndroidManifest.xml:40:17-79
119-->[com.google.android.gms:play-services-measurement:17.2.0] AndroidManifest.xml:40:25-76
120            </intent-filter>
121        </receiver>
122
123        <service
123-->[com.google.android.gms:play-services-measurement:17.2.0] AndroidManifest.xml:44:9-47:40
124            android:name="com.google.android.gms.measurement.AppMeasurementService"
124-->[com.google.android.gms:play-services-measurement:17.2.0] AndroidManifest.xml:45:13-84
125            android:enabled="true"
125-->[com.google.android.gms:play-services-measurement:17.2.0] AndroidManifest.xml:46:13-35
126            android:exported="false" />
126-->[com.google.android.gms:play-services-measurement:17.2.0] AndroidManifest.xml:47:13-37
127        <service
127-->[com.google.android.gms:play-services-measurement:17.2.0] AndroidManifest.xml:48:9-52:72
128            android:name="com.google.android.gms.measurement.AppMeasurementJobService"
128-->[com.google.android.gms:play-services-measurement:17.2.0] AndroidManifest.xml:49:13-87
129            android:enabled="true"
129-->[com.google.android.gms:play-services-measurement:17.2.0] AndroidManifest.xml:50:13-35
130            android:exported="false"
130-->[com.google.android.gms:play-services-measurement:17.2.0] AndroidManifest.xml:51:13-37
131            android:permission="android.permission.BIND_JOB_SERVICE" />
131-->[com.google.android.gms:play-services-measurement:17.2.0] AndroidManifest.xml:52:13-69
132
133        <provider
133-->[com.google.firebase:firebase-common:19.0.0] AndroidManifest.xml:12:9-16:39
134            android:name="com.google.firebase.provider.FirebaseInitProvider"
134-->[com.google.firebase:firebase-common:19.0.0] AndroidManifest.xml:13:13-77
135            android:authorities="com.santtytech.directfirst.firebaseinitprovider"
135-->[com.google.firebase:firebase-common:19.0.0] AndroidManifest.xml:14:13-72
136            android:exported="false"
136-->[com.google.firebase:firebase-common:19.0.0] AndroidManifest.xml:15:13-37
137            android:initOrder="100" />
137-->[com.google.firebase:firebase-common:19.0.0] AndroidManifest.xml:16:13-36
138
139        <meta-data
139-->[com.google.android.gms:play-services-basement:17.0.0] AndroidManifest.xml:23:9-25:69
140            android:name="com.google.android.gms.version"
140-->[com.google.android.gms:play-services-basement:17.0.0] AndroidManifest.xml:24:13-58
141            android:value="@integer/google_play_services_version" />
141-->[com.google.android.gms:play-services-basement:17.0.0] AndroidManifest.xml:25:13-66
142    </application>
143
144</manifest>